2025-11-04T21:46:58.914+0800	debug	/log2 basic logging	{"method": "GET", "query": "id=1&name=king", "status": 200, "ip": "::1", "elapsed": 0.0004709}
2025-11-04T21:47:22.263+0800	debug	/log basic logging	{"method": "GET", "query": "id=1&name=king", "status": 200, "ip": "::1", "elapsed": 0.00006647}
2025-11-04T21:47:23.358+0800	debug	/log basic logging	{"method": "GET", "query": "id=1&name=king", "status": 200, "ip": "::1", "elapsed": 0.000113037}
2025-11-04T21:47:24.775+0800	debug	/log2 basic logging	{"method": "GET", "query": "id=1&name=king", "status": 200, "ip": "::1", "elapsed": 0.000058453}
2025-11-05T16:10:09.425+0800	debug	/log2 basic logging	{"method": "GET", "query": "id=1&name=king", "status": 200, "ip": "::1", "elapsed": 0.000847921}
2025-11-05T16:21:30.846+0800	debug	/p basic logging	{"method": "POST", "query": "", "status": 404, "ip": "::1", "elapsed": 0.000000794}
2025-11-05T16:21:39.663+0800	debug	/p/king basic logging	{"method": "POST", "query": "", "status": 200, "ip": "::1", "elapsed": 0.000068569}
2025-11-05T16:21:42.922+0800	debug	/p/king/ basic logging	{"method": "POST", "query": "", "status": 200, "ip": "::1", "elapsed": 0.000021298}
2025-11-05T16:21:48.823+0800	debug	/p/king/action basic logging	{"method": "POST", "query": "", "status": 200, "ip": "::1", "elapsed": 0.000012875}
2025-11-05T16:22:07.982+0800	debug	/p/king/action basic logging	{"method": "POST", "query": "", "status": 200, "ip": "::1", "elapsed": 0.000068903}
2025-11-05T16:22:09.003+0800	debug	/p/king/action basic logging	{"method": "POST", "query": "", "status": 200, "ip": "::1", "elapsed": 0.000011242}
2025-11-05T16:22:14.116+0800	debug	/p/king/ basic logging	{"method": "POST", "query": "", "status": 200, "ip": "::1", "elapsed": 0.000025415}
2025-11-05T16:22:19.612+0800	debug	/p/king/ basic logging	{"method": "POST", "query": "", "status": 200, "ip": "::1", "elapsed": 0.000010414}
2025-11-05T16:22:23.155+0800	debug	/p/king/ basic logging	{"method": "POST", "query": "", "status": 200, "ip": "::1", "elapsed": 0.000010564}
2025-11-05T16:22:38.620+0800	debug	/p/king basic logging	{"method": "POST", "query": "", "status": 200, "ip": "::1", "elapsed": 0.000047621}
2025-11-05T16:22:43.451+0800	debug	/p/king/ basic logging	{"method": "POST", "query": "", "status": 200, "ip": "::1", "elapsed": 0.000011713}
2025-11-05T16:22:47.693+0800	debug	/p/king basic logging	{"method": "POST", "query": "", "status": 200, "ip": "::1", "elapsed": 0.000017035}
2025-11-05T16:22:52.744+0800	debug	/p/king/ basic logging	{"method": "POST", "query": "", "status": 200, "ip": "::1", "elapsed": 0.000009521}
2025-11-05T16:34:55.071+0800	debug	/p/king/ basic logging	{"method": "GET", "query": "", "status": 404, "ip": "::1", "elapsed": 0.000000643}
2025-11-05T16:34:58.953+0800	debug	/r/king/ basic logging	{"method": "GET", "query": "", "status": 404, "ip": "::1", "elapsed": 0.000000646}
2025-11-05T16:35:06.678+0800	debug	/r/301 basic logging	{"method": "GET", "query": "", "status": 404, "ip": "::1", "elapsed": 0.000000549}
2025-11-05T16:35:11.681+0800	debug	/r/301 basic logging	{"method": "POST", "query": "", "status": 404, "ip": "::1", "elapsed": 0.000000606}
2025-11-05T16:36:33.008+0800	debug	/r/301 basic logging	{"method": "POST", "query": "", "status": 301, "ip": "::1", "elapsed": 0.000022568}
2025-11-05T16:40:33.387+0800	debug	/ basic logging	{"method": "GET", "query": "", "status": 200, "ip": "::1", "elapsed": 0.000157737}
2025-11-05T16:40:33.447+0800	debug	/favicon.ico basic logging	{"method": "GET", "query": "", "status": 404, "ip": "::1", "elapsed": 0.000001041}
2025-11-05T16:40:40.242+0800	debug	/r/302 basic logging	{"method": "GET", "query": "", "status": 302, "ip": "::1", "elapsed": 0.000017737}
2025-11-05T16:40:44.044+0800	debug	/r/302 basic logging	{"method": "GET", "query": "", "status": 302, "ip": "::1", "elapsed": 0.000021166}
2025-11-05T16:40:48.458+0800	debug	/.well-known/appspecific/com.chrome.devtools.json basic logging	{"method": "GET", "query": "", "status": 404, "ip": "::1", "elapsed": 0.000000755}
2025-11-05T16:40:50.386+0800	debug	/r/302 basic logging	{"method": "GET", "query": "", "status": 302, "ip": "::1", "elapsed": 0.000023726}
2025-11-05T16:40:50.436+0800	debug	/.well-known/appspecific/com.chrome.devtools.json basic logging	{"method": "GET", "query": "", "status": 404, "ip": "::1", "elapsed": 0.000001028}
2025-11-05T16:41:01.249+0800	debug	/r/301 basic logging	{"method": "GET", "query": "", "status": 301, "ip": "::1", "elapsed": 0.000087236}
2025-11-07T19:42:44.432+0800	debug	/ basic logging	{"method": "GET", "query": "", "status": 200, "ip": "::1", "elapsed": 0.000076196}
2025-11-07T19:43:19.864+0800	debug	/ basic logging	{"method": "GET", "query": "", "status": 200, "ip": "::1", "elapsed": 0.000063598}
2025-11-07T19:46:14.447+0800	debug	/ basic logging	{"method": "GET", "query": "", "status": 200, "ip": "::1", "elapsed": 0.000242413}
2025-11-07T19:46:17.106+0800	debug	/ basic logging	{"method": "GET", "query": "", "status": 200, "ip": "::1", "elapsed": 0.000017925}
2025-11-07T19:52:02.408+0800	debug	/ basic logging	{"method": "GET", "query": "", "status": 200, "ip": "::1", "elapsed": 0.00006982}
2025-11-08T14:58:59.625+0800	debug	/ basic logging	{"method": "GET", "query": "", "status": 200, "ip": "::1", "elapsed": 0.000151435}
2025-11-08T15:47:47.874+0800	debug	/ basic logging	{"method": "GET", "query": "", "status": 200, "ip": "::1", "elapsed": 0.000061413}
2025-11-08T15:47:50.179+0800	debug	/ basic logging	{"method": "GET", "query": "", "status": 200, "ip": "::1", "elapsed": 0.000014191}
2025-11-08T16:17:29.720+0800	debug	/ basic logging	{"method": "GET", "query": "", "status": 200, "ip": "::1", "elapsed": 0.000057839}
2025-11-08T16:21:07.780+0800	debug	/ basic logging	{"method": "GET", "query": "", "status": 200, "ip": "::1", "elapsed": 0.000076771}
2025-11-08T16:21:29.506+0800	debug	/ basic logging	{"method": "GET", "query": "", "status": 200, "ip": "::1", "elapsed": 0.000021939}
2025-11-08T16:21:31.194+0800	debug	/ basic logging	{"method": "GET", "query": "", "status": 200, "ip": "::1", "elapsed": 0.000014132}
2025-11-08T16:21:32.258+0800	debug	/ basic logging	{"method": "GET", "query": "", "status": 200, "ip": "::1", "elapsed": 0.000015079}
2025-11-08T16:21:33.125+0800	debug	/ basic logging	{"method": "GET", "query": "", "status": 200, "ip": "::1", "elapsed": 0.000013159}
2025-11-08T16:22:52.719+0800	debug	/ basic logging	{"method": "GET", "query": "", "status": 200, "ip": "::1", "elapsed": 0.000115351}
2025-11-08T16:22:55.952+0800	debug	/ basic logging	{"method": "GET", "query": "", "status": 200, "ip": "::1", "elapsed": 0.000015317}
2025-11-08T16:22:56.974+0800	debug	/ basic logging	{"method": "GET", "query": "", "status": 200, "ip": "::1", "elapsed": 0.000015411}
2025-11-08T16:22:57.843+0800	debug	/ basic logging	{"method": "GET", "query": "", "status": 200, "ip": "::1", "elapsed": 0.000015946}
2025-11-08T16:28:19.759+0800	debug	/log2 basic logging	{"method": "GET", "query": "id=1&name=king", "status": 200, "ip": "::1", "elapsed": 0.001274482}
2025-11-08T16:29:23.828+0800	debug	/log2 basic logging	{"method": "GET", "query": "id=1&name=king", "status": 200, "ip": "::1", "elapsed": 0.000053371}
2025-11-08T16:29:26.717+0800	debug	/log2 basic logging	{"method": "GET", "query": "id=1&name=king", "status": 200, "ip": "::1", "elapsed": 0.000340728}
2025-11-08T16:29:28.798+0800	debug	/log2 basic logging	{"method": "GET", "query": "id=1&name=king", "status": 200, "ip": "::1", "elapsed": 0.000097258}
2025-11-08T17:24:41.964+0800	debug	/log2 basic logging	{"method": "GET", "query": "id=1&name=king", "status": 200, "ip": "::1", "elapsed": 0.000938847}
2025-11-08T17:24:45.460+0800	debug	/t1 basic logging	{"method": "GET", "query": "", "status": 500, "ip": "::1", "elapsed": 0.000546982}
2025-11-08T17:24:47.919+0800	debug	/t1 basic logging	{"method": "GET", "query": "", "status": 500, "ip": "::1", "elapsed": 0.000279855}
2025-11-08T17:25:13.019+0800	debug	/log2 basic logging	{"method": "GET", "query": "id=1&name=king", "status": 200, "ip": "::1", "elapsed": 0.00005182}
2025-11-08T17:25:20.739+0800	debug	/ basic logging	{"method": "GET", "query": "", "status": 200, "ip": "::1", "elapsed": 0.000035955}
2025-11-08T17:25:20.816+0800	debug	/favicon.ico basic logging	{"method": "GET", "query": "", "status": 404, "ip": "::1", "elapsed": 0.000001454}
2025-11-08T17:25:25.315+0800	debug	/t1 basic logging	{"method": "GET", "query": "", "status": 500, "ip": "::1", "elapsed": 0.000291416}
2025-11-08T17:27:02.964+0800	debug	/t1 basic logging	{"method": "GET", "query": "", "status": 500, "ip": "::1", "elapsed": 0.000606231}
2025-11-08T17:27:04.988+0800	debug	/t1 basic logging	{"method": "GET", "query": "", "status": 500, "ip": "::1", "elapsed": 0.00020999}
2025-11-08T17:27:05.166+0800	debug	/t1 basic logging	{"method": "GET", "query": "", "status": 500, "ip": "::1", "elapsed": 0.000551843}
2025-11-08T17:30:45.219+0800	debug	/t1 basic logging	{"method": "GET", "query": "", "status": 500, "ip": "::1", "elapsed": 0.000975263}
2025-11-08T17:31:26.824+0800	debug	/t1 basic logging	{"method": "GET", "query": "", "status": 500, "ip": "::1", "elapsed": 0.00116178}
2025-11-08T17:31:27.421+0800	debug	/t1 basic logging	{"method": "GET", "query": "", "status": 500, "ip": "::1", "elapsed": 0.000268785}
2025-11-08T17:31:27.587+0800	debug	/t1 basic logging	{"method": "GET", "query": "", "status": 500, "ip": "::1", "elapsed": 0.00028276}
2025-11-08T17:31:27.752+0800	debug	/t1 basic logging	{"method": "GET", "query": "", "status": 500, "ip": "::1", "elapsed": 0.000346327}
2025-11-08T17:34:07.928+0800	debug	/t1 basic logging	{"method": "GET", "query": "", "status": 200, "ip": "::1", "elapsed": 0.000222645}
2025-11-08T17:34:07.948+0800	debug	/xx.jpg basic logging	{"method": "GET", "query": "", "status": 404, "ip": "::1", "elapsed": 0.000000859}
2025-11-08T17:34:11.349+0800	debug	/.well-known/appspecific/com.chrome.devtools.json basic logging	{"method": "GET", "query": "", "status": 404, "ip": "::1", "elapsed": 0.000000843}
2025-11-08T17:35:44.726+0800	debug	/t1 basic logging	{"method": "GET", "query": "", "status": 200, "ip": "::1", "elapsed": 0.00030115}
2025-11-08T17:35:44.751+0800	debug	/.well-known/appspecific/com.chrome.devtools.json basic logging	{"method": "GET", "query": "", "status": 404, "ip": "::1", "elapsed": 0.000000962}
2025-11-08T17:35:44.752+0800	debug	/xx.jpg basic logging	{"method": "GET", "query": "", "status": 404, "ip": "::1", "elapsed": 0.000001011}
2025-11-08T17:37:43.325+0800	debug	/t1 basic logging	{"method": "GET", "query": "", "status": 200, "ip": "::1", "elapsed": 0.000481778}
2025-11-08T17:37:43.340+0800	debug	/xx.jpg basic logging	{"method": "GET", "query": "", "status": 404, "ip": "::1", "elapsed": 0.000000917}
2025-11-08T17:37:43.340+0800	debug	/.well-known/appspecific/com.chrome.devtools.json basic logging	{"method": "GET", "query": "", "status": 404, "ip": "::1", "elapsed": 0.000000448}
2025-11-08T17:37:56.762+0800	debug	/t1 basic logging	{"method": "GET", "query": "", "status": 200, "ip": "::1", "elapsed": 0.000284979}
2025-11-08T17:37:56.785+0800	debug	/xx.jpg basic logging	{"method": "GET", "query": "", "status": 404, "ip": "::1", "elapsed": 0.000001217}
2025-11-08T17:37:56.812+0800	debug	/.well-known/appspecific/com.chrome.devtools.json basic logging	{"method": "GET", "query": "", "status": 404, "ip": "::1", "elapsed": 0.000000914}
2025-11-08T17:38:02.258+0800	debug	/t1 basic logging	{"method": "GET", "query": "", "status": 200, "ip": "::1", "elapsed": 0.000300881}
2025-11-08T17:38:02.275+0800	debug	/xx.jpg basic logging	{"method": "GET", "query": "", "status": 404, "ip": "::1", "elapsed": 0.000001181}
2025-11-08T17:38:02.312+0800	debug	/.well-known/appspecific/com.chrome.devtools.json basic logging	{"method": "GET", "query": "", "status": 404, "ip": "::1", "elapsed": 0.000001009}
2025-11-08T17:51:31.490+0800	debug	/t1 basic logging	{"method": "GET", "query": "", "status": 500, "ip": "::1", "elapsed": 0.001502073}
2025-11-08T17:51:58.795+0800	debug	/t1 basic logging	{"method": "GET", "query": "", "status": 200, "ip": "::1", "elapsed": 0.000594295}
2025-11-08T17:51:58.835+0800	debug	/xx.jpg basic logging	{"method": "GET", "query": "", "status": 404, "ip": "::1", "elapsed": 0.000064858}
2025-11-08T17:51:58.861+0800	debug	/.well-known/appspecific/com.chrome.devtools.json basic logging	{"method": "GET", "query": "", "status": 404, "ip": "::1", "elapsed": 0.000001313}
2025-11-08T17:56:13.470+0800	debug	/t1 basic logging	{"method": "GET", "query": "", "status": 200, "ip": "::1", "elapsed": 0.000632366}
2025-11-08T17:56:13.503+0800	debug	/xx.jpg basic logging	{"method": "GET", "query": "", "status": 404, "ip": "::1", "elapsed": 0.000001507}
2025-11-08T17:56:13.547+0800	debug	/.well-known/appspecific/com.chrome.devtools.json basic logging	{"method": "GET", "query": "", "status": 404, "ip": "::1", "elapsed": 0.00000107}
2025-11-08T17:57:17.992+0800	debug	/t1 basic logging	{"method": "GET", "query": "", "status": 500, "ip": "::1", "elapsed": 0.001911541}
2025-11-08T17:58:46.217+0800	debug	/t1 basic logging	{"method": "GET", "query": "", "status": 500, "ip": "::1", "elapsed": 0.000960688}
2025-11-08T18:00:12.076+0800	debug	/t1 basic logging	{"method": "GET", "query": "", "status": 500, "ip": "::1", "elapsed": 0.003715253}
2025-11-08T18:00:40.025+0800	debug	/t1 basic logging	{"method": "GET", "query": "", "status": 500, "ip": "::1", "elapsed": 0.001033944}
2025-11-08T18:01:11.496+0800	debug	/t1 basic logging	{"method": "GET", "query": "", "status": 500, "ip": "::1", "elapsed": 0.001915954}
2025-11-08T18:02:01.103+0800	debug	/t1 basic logging	{"method": "GET", "query": "", "status": 200, "ip": "::1", "elapsed": 0.00067725}
2025-11-08T18:02:01.158+0800	debug	/xx.jpg basic logging	{"method": "GET", "query": "", "status": 404, "ip": "::1", "elapsed": 0.000001038}
2025-11-08T18:02:01.171+0800	debug	/.well-known/appspecific/com.chrome.devtools.json basic logging	{"method": "GET", "query": "", "status": 404, "ip": "::1", "elapsed": 0.000001117}
2025-11-08T18:03:37.687+0800	debug	/t1 basic logging	{"method": "GET", "query": "", "status": 200, "ip": "::1", "elapsed": 0.0004535}
2025-11-08T18:03:37.713+0800	debug	/xx.jpg basic logging	{"method": "GET", "query": "", "status": 404, "ip": "::1", "elapsed": 0.000001386}
2025-11-08T18:03:37.744+0800	debug	/.well-known/appspecific/com.chrome.devtools.json basic logging	{"method": "GET", "query": "", "status": 404, "ip": "::1", "elapsed": 0.000001478}
2025-11-08T18:04:26.788+0800	debug	/t1 basic logging	{"method": "GET", "query": "", "status": 200, "ip": "::1", "elapsed": 0.000419792}
2025-11-08T18:04:26.836+0800	debug	/.well-known/appspecific/com.chrome.devtools.json basic logging	{"method": "GET", "query": "", "status": 404, "ip": "::1", "elapsed": 0.000000886}
2025-11-08T18:24:09.152+0800	debug	/t1 basic logging	{"method": "GET", "query": "", "status": 200, "ip": "::1", "elapsed": 0.000385952}
2025-11-08T18:24:09.207+0800	debug	/.well-known/appspecific/com.chrome.devtools.json basic logging	{"method": "GET", "query": "", "status": 404, "ip": "::1", "elapsed": 0.000000996}
2025-11-08T18:24:52.943+0800	debug	/t1 basic logging	{"method": "GET", "query": "", "status": 200, "ip": "::1", "elapsed": 0.001333538}
2025-11-08T18:24:52.961+0800	debug	/.well-known/appspecific/com.chrome.devtools.json basic logging	{"method": "GET", "query": "", "status": 404, "ip": "::1", "elapsed": 0.000001683}
2025-11-08T18:26:17.540+0800	debug	/asset/img/xx.jgp basic logging	{"method": "GET", "query": "", "status": 404, "ip": "::1", "elapsed": 0.00006788}
2025-11-08T18:26:22.023+0800	debug	/asset/img/xx.jpg basic logging	{"method": "GET", "query": "", "status": 200, "ip": "::1", "elapsed": 0.014729592}
2025-11-08T18:26:22.105+0800	debug	/.well-known/appspecific/com.chrome.devtools.json basic logging	{"method": "GET", "query": "", "status": 404, "ip": "::1", "elapsed": 0.000001504}
2025-11-08T18:26:30.530+0800	debug	/asset/img/xx.jpg basic logging	{"method": "GET", "query": "", "status": 304, "ip": "::1", "elapsed": 0.000100338}
2025-11-08T18:26:30.581+0800	debug	/.well-known/appspecific/com.chrome.devtools.json basic logging	{"method": "GET", "query": "", "status": 404, "ip": "::1", "elapsed": 0.000001035}
2025-11-08T18:26:31.273+0800	debug	/asset/img/xx.jpg basic logging	{"method": "GET", "query": "", "status": 304, "ip": "::1", "elapsed": 0.000080714}
2025-11-08T18:26:31.318+0800	debug	/.well-known/appspecific/com.chrome.devtools.json basic logging	{"method": "GET", "query": "", "status": 404, "ip": "::1", "elapsed": 0.0000011}
2025-11-08T18:26:31.874+0800	debug	/asset/img/xx.jpg basic logging	{"method": "GET", "query": "", "status": 304, "ip": "::1", "elapsed": 0.000103991}
2025-11-08T18:26:31.916+0800	debug	/.well-known/appspecific/com.chrome.devtools.json basic logging	{"method": "GET", "query": "", "status": 404, "ip": "::1", "elapsed": 0.000000955}
2025-11-08T18:26:32.458+0800	debug	/asset/img/xx.jpg basic logging	{"method": "GET", "query": "", "status": 304, "ip": "::1", "elapsed": 0.000126513}
2025-11-08T18:26:32.498+0800	debug	/.well-known/appspecific/com.chrome.devtools.json basic logging	{"method": "GET", "query": "", "status": 404, "ip": "::1", "elapsed": 0.00000133}
2025-11-08T18:26:32.964+0800	debug	/asset/img/xx.jpg basic logging	{"method": "GET", "query": "", "status": 304, "ip": "::1", "elapsed": 0.000130627}
2025-11-08T18:26:33.004+0800	debug	/.well-known/appspecific/com.chrome.devtools.json basic logging	{"method": "GET", "query": "", "status": 404, "ip": "::1", "elapsed": 0.000001198}
2025-11-08T18:26:33.492+0800	debug	/asset/img/xx.jpg basic logging	{"method": "GET", "query": "", "status": 304, "ip": "::1", "elapsed": 0.000079766}
2025-11-08T18:26:33.536+0800	debug	/.well-known/appspecific/com.chrome.devtools.json basic logging	{"method": "GET", "query": "", "status": 404, "ip": "::1", "elapsed": 0.000001099}
2025-11-08T18:26:39.334+0800	debug	/ basic logging	{"method": "GET", "query": "", "status": 200, "ip": "::1", "elapsed": 0.000174157}
2025-11-08T18:26:39.398+0800	debug	/.well-known/appspecific/com.chrome.devtools.json basic logging	{"method": "GET", "query": "", "status": 404, "ip": "::1", "elapsed": 0.000001084}
2025-11-08T18:26:42.903+0800	debug	/t1 basic logging	{"method": "GET", "query": "", "status": 200, "ip": "::1", "elapsed": 0.001662093}
2025-11-08T18:26:42.952+0800	debug	/.well-known/appspecific/com.chrome.devtools.json basic logging	{"method": "GET", "query": "", "status": 404, "ip": "::1", "elapsed": 0.000001068}
2025-11-08T18:27:21.525+0800	debug	/t2 basic logging	{"method": "GET", "query": "", "status": 200, "ip": "::1", "elapsed": 0.000478305}
2025-11-08T18:27:21.649+0800	debug	/.well-known/appspecific/com.chrome.devtools.json basic logging	{"method": "GET", "query": "", "status": 404, "ip": "::1", "elapsed": 0.000001619}
2025-11-08T18:28:02.157+0800	debug	/t2 basic logging	{"method": "GET", "query": "", "status": 200, "ip": "::1", "elapsed": 0.013529232}
2025-11-08T18:28:02.195+0800	debug	/.well-known/appspecific/com.chrome.devtools.json basic logging	{"method": "GET", "query": "", "status": 404, "ip": "::1", "elapsed": 0.00000135}
2025-11-08T18:28:41.082+0800	debug	/t2 basic logging	{"method": "GET", "query": "", "status": 200, "ip": "::1", "elapsed": 0.000514182}
2025-11-08T18:28:41.106+0800	debug	/.well-known/appspecific/com.chrome.devtools.json basic logging	{"method": "GET", "query": "", "status": 404, "ip": "::1", "elapsed": 0.000000937}
2025-11-08T18:28:41.109+0800	debug	/xx.jpg basic logging	{"method": "GET", "query": "", "status": 404, "ip": "::1", "elapsed": 0.000001261}
2025-11-08T18:28:44.122+0800	debug	/t1 basic logging	{"method": "GET", "query": "", "status": 200, "ip": "::1", "elapsed": 0.000325683}
2025-11-08T18:28:44.174+0800	debug	/.well-known/appspecific/com.chrome.devtools.json basic logging	{"method": "GET", "query": "", "status": 404, "ip": "::1", "elapsed": 0.000001255}
2025-11-08T18:29:22.069+0800	debug	/t1 basic logging	{"method": "GET", "query": "", "status": 200, "ip": "::1", "elapsed": 0.000922536}
2025-11-08T18:29:22.092+0800	debug	/.well-known/appspecific/com.chrome.devtools.json basic logging	{"method": "GET", "query": "", "status": 404, "ip": "::1", "elapsed": 0.000001191}
2025-11-08T18:29:32.528+0800	debug	/t1 basic logging	{"method": "GET", "query": "", "status": 200, "ip": "::1", "elapsed": 0.000648815}
2025-11-08T18:29:32.568+0800	debug	/.well-known/appspecific/com.chrome.devtools.json basic logging	{"method": "GET", "query": "", "status": 404, "ip": "::1", "elapsed": 0.000004617}
2025-11-08T18:29:37.188+0800	debug	/t1 basic logging	{"method": "GET", "query": "", "status": 200, "ip": "::1", "elapsed": 0.000380233}
2025-11-08T18:29:37.276+0800	debug	/.well-known/appspecific/com.chrome.devtools.json basic logging	{"method": "GET", "query": "", "status": 404, "ip": "::1", "elapsed": 0.000001839}
2025-11-08T18:29:38.070+0800	debug	/t1 basic logging	{"method": "GET", "query": "", "status": 200, "ip": "::1", "elapsed": 0.000352161}
2025-11-08T18:29:38.099+0800	debug	/.well-known/appspecific/com.chrome.devtools.json basic logging	{"method": "GET", "query": "", "status": 404, "ip": "::1", "elapsed": 0.000000735}
2025-11-08T18:29:38.655+0800	debug	/t1 basic logging	{"method": "GET", "query": "", "status": 200, "ip": "::1", "elapsed": 0.00055093}
2025-11-08T18:29:38.730+0800	debug	/.well-known/appspecific/com.chrome.devtools.json basic logging	{"method": "GET", "query": "", "status": 404, "ip": "::1", "elapsed": 0.000001082}
2025-11-08T18:29:39.194+0800	debug	/t1 basic logging	{"method": "GET", "query": "", "status": 200, "ip": "::1", "elapsed": 0.000449091}
2025-11-08T18:29:39.221+0800	debug	/.well-known/appspecific/com.chrome.devtools.json basic logging	{"method": "GET", "query": "", "status": 404, "ip": "::1", "elapsed": 0.000001176}
2025-11-08T18:30:28.990+0800	debug	/t1 basic logging	{"method": "GET", "query": "", "status": 200, "ip": "::1", "elapsed": 0.000981647}
2025-11-08T18:30:29.037+0800	debug	/.well-known/appspecific/com.chrome.devtools.json basic logging	{"method": "GET", "query": "", "status": 404, "ip": "::1", "elapsed": 0.00000147}
2025-11-08T18:34:36.176+0800	debug	/t1 basic logging	{"method": "GET", "query": "", "status": 200, "ip": "::1", "elapsed": 0.000524197}
2025-11-08T18:34:36.205+0800	debug	/.well-known/appspecific/com.chrome.devtools.json basic logging	{"method": "GET", "query": "", "status": 404, "ip": "::1", "elapsed": 0.000001257}
2025-11-09T12:28:58.169+0800	debug	/t1 basic logging	{"method": "GET", "query": "", "status": 200, "ip": "::1", "elapsed": 0.000620125}
2025-11-09T12:28:58.228+0800	debug	/favicon.ico basic logging	{"method": "GET", "query": "", "status": 404, "ip": "::1", "elapsed": 0.000001261}
2025-11-10T15:50:38.850+0800	debug	/ basic logging	{"method": "GET", "query": "", "status": 200, "ip": "::1", "elapsed": 0.000294357}
2025-11-10T15:50:39.889+0800	debug	/t1 basic logging	{"method": "GET", "query": "", "status": 200, "ip": "::1", "elapsed": 0.000906448}
2025-11-10T15:50:39.975+0800	debug	/favicon.ico basic logging	{"method": "GET", "query": "", "status": 404, "ip": "::1", "elapsed": 0.000003478}
2025-11-10T15:50:46.199+0800	debug	/.well-known/appspecific/com.chrome.devtools.json basic logging	{"method": "GET", "query": "", "status": 404, "ip": "::1", "elapsed": 0.00000079}
2025-11-10T15:50:48.762+0800	debug	/t1 basic logging	{"method": "GET", "query": "", "status": 200, "ip": "::1", "elapsed": 0.000987375}
2025-11-10T15:50:48.800+0800	debug	/.well-known/appspecific/com.chrome.devtools.json basic logging	{"method": "GET", "query": "", "status": 404, "ip": "::1", "elapsed": 0.000000965}
2025-11-10T15:54:57.066+0800	debug	/t1 basic logging	{"method": "GET", "query": "", "status": 200, "ip": "::1", "elapsed": 0.00371675}
2025-11-10T15:54:57.094+0800	debug	/.well-known/appspecific/com.chrome.devtools.json basic logging	{"method": "GET", "query": "", "status": 404, "ip": "::1", "elapsed": 0.000001156}
2025-11-10T15:55:40.009+0800	debug	/t1 basic logging	{"method": "GET", "query": "", "status": 200, "ip": "::1", "elapsed": 0.000986422}
2025-11-10T15:55:40.059+0800	debug	/.well-known/appspecific/com.chrome.devtools.json basic logging	{"method": "GET", "query": "", "status": 404, "ip": "::1", "elapsed": 0.000001126}
2025-11-10T15:55:41.106+0800	debug	/t1 basic logging	{"method": "GET", "query": "", "status": 200, "ip": "::1", "elapsed": 0.000485314}
2025-11-10T15:55:41.143+0800	debug	/.well-known/appspecific/com.chrome.devtools.json basic logging	{"method": "GET", "query": "", "status": 404, "ip": "::1", "elapsed": 0.000001327}
2025-11-10T15:55:42.289+0800	debug	/t1 basic logging	{"method": "GET", "query": "", "status": 200, "ip": "::1", "elapsed": 0.000484879}
2025-11-10T15:55:42.304+0800	debug	/.well-known/appspecific/com.chrome.devtools.json basic logging	{"method": "GET", "query": "", "status": 404, "ip": "::1", "elapsed": 0.000000927}
2025-11-10T15:56:46.916+0800	debug	/t1 basic logging	{"method": "GET", "query": "", "status": 200, "ip": "::1", "elapsed": 0.00164091}
2025-11-10T15:56:46.940+0800	debug	/.well-known/appspecific/com.chrome.devtools.json basic logging	{"method": "GET", "query": "", "status": 404, "ip": "::1", "elapsed": 0.000001414}
2025-11-10T16:02:27.570+0800	debug	/t1 basic logging	{"method": "GET", "query": "", "status": 200, "ip": "::1", "elapsed": 0.000991183}
2025-11-10T16:02:27.597+0800	debug	/.well-known/appspecific/com.chrome.devtools.json basic logging	{"method": "GET", "query": "", "status": 404, "ip": "::1", "elapsed": 0.00000124}
2025-11-10T16:10:23.402+0800	debug	/t2 basic logging	{"method": "GET", "query": "", "status": 200, "ip": "::1", "elapsed": 0.002949202}
2025-11-10T16:10:23.434+0800	debug	/.well-known/appspecific/com.chrome.devtools.json basic logging	{"method": "GET", "query": "", "status": 404, "ip": "::1", "elapsed": 0.00000084}
2025-11-10T16:10:57.764+0800	debug	/t2 basic logging	{"method": "GET", "query": "", "status": 200, "ip": "::1", "elapsed": 0.00135493}
2025-11-10T16:10:57.782+0800	debug	/.well-known/appspecific/com.chrome.devtools.json basic logging	{"method": "GET", "query": "", "status": 404, "ip": "::1", "elapsed": 0.000001093}
2025-11-10T16:10:59.711+0800	debug	/t2 basic logging	{"method": "GET", "query": "", "status": 200, "ip": "::1", "elapsed": 0.00060371}
2025-11-10T16:10:59.730+0800	debug	/.well-known/appspecific/com.chrome.devtools.json basic logging	{"method": "GET", "query": "", "status": 404, "ip": "::1", "elapsed": 0.000001281}
2025-11-10T16:10:59.874+0800	debug	/t2 basic logging	{"method": "GET", "query": "", "status": 200, "ip": "::1", "elapsed": 0.000855289}
2025-11-10T16:10:59.889+0800	debug	/.well-known/appspecific/com.chrome.devtools.json basic logging	{"method": "GET", "query": "", "status": 404, "ip": "::1", "elapsed": 0.000001129}
2025-11-10T16:11:00.073+0800	debug	/t2 basic logging	{"method": "GET", "query": "", "status": 200, "ip": "::1", "elapsed": 0.000768045}
2025-11-10T16:11:00.106+0800	debug	/.well-known/appspecific/com.chrome.devtools.json basic logging	{"method": "GET", "query": "", "status": 404, "ip": "::1", "elapsed": 0.000000958}
2025-11-10T16:11:00.172+0800	debug	/t2 basic logging	{"method": "GET", "query": "", "status": 200, "ip": "::1", "elapsed": 0.000728309}
2025-11-10T16:11:00.184+0800	debug	/.well-known/appspecific/com.chrome.devtools.json basic logging	{"method": "GET", "query": "", "status": 404, "ip": "::1", "elapsed": 0.000000779}
2025-11-10T16:11:53.692+0800	debug	/t2 basic logging	{"method": "GET", "query": "", "status": 200, "ip": "::1", "elapsed": 0.001331046}
2025-11-10T16:11:53.714+0800	debug	/.well-known/appspecific/com.chrome.devtools.json basic logging	{"method": "GET", "query": "", "status": 404, "ip": "::1", "elapsed": 0.000001063}
2025-11-10T16:13:17.999+0800	debug	/t2 basic logging	{"method": "GET", "query": "", "status": 200, "ip": "::1", "elapsed": 0.00055142}
2025-11-10T16:13:18.041+0800	debug	/.well-known/appspecific/com.chrome.devtools.json basic logging	{"method": "GET", "query": "", "status": 404, "ip": "::1", "elapsed": 0.000001035}
2025-11-10T16:13:20.011+0800	debug	/t2 basic logging	{"method": "GET", "query": "", "status": 200, "ip": "::1", "elapsed": 0.000779243}
2025-11-10T16:13:20.040+0800	debug	/.well-known/appspecific/com.chrome.devtools.json basic logging	{"method": "GET", "query": "", "status": 404, "ip": "::1", "elapsed": 0.000000971}
2025-11-10T16:14:24.456+0800	debug	/t2 basic logging	{"method": "GET", "query": "", "status": 200, "ip": "::1", "elapsed": 0.002268266}
2025-11-10T16:14:24.488+0800	debug	/.well-known/appspecific/com.chrome.devtools.json basic logging	{"method": "GET", "query": "", "status": 404, "ip": "::1", "elapsed": 0.000001035}
2025-11-10T16:14:52.509+0800	debug	/t2 basic logging	{"method": "GET", "query": "", "status": 200, "ip": "::1", "elapsed": 0.001259627}
2025-11-10T16:14:52.550+0800	debug	/.well-known/appspecific/com.chrome.devtools.json basic logging	{"method": "GET", "query": "", "status": 404, "ip": "::1", "elapsed": 0.000001192}
2025-11-10T16:15:37.334+0800	debug	/t2 basic logging	{"method": "GET", "query": "", "status": 200, "ip": "::1", "elapsed": 0.00178125}
2025-11-10T16:15:37.356+0800	debug	/.well-known/appspecific/com.chrome.devtools.json basic logging	{"method": "GET", "query": "", "status": 404, "ip": "::1", "elapsed": 0.000001304}
2025-11-10T16:15:39.427+0800	debug	/t2 basic logging	{"method": "GET", "query": "", "status": 200, "ip": "::1", "elapsed": 0.001825114}
2025-11-10T16:15:39.442+0800	debug	/.well-known/appspecific/com.chrome.devtools.json basic logging	{"method": "GET", "query": "", "status": 404, "ip": "::1", "elapsed": 0.000001462}
2025-11-10T16:16:14.063+0800	debug	/t2 basic logging	{"method": "GET", "query": "", "status": 200, "ip": "::1", "elapsed": 0.001319345}
2025-11-10T16:16:14.083+0800	debug	/.well-known/appspecific/com.chrome.devtools.json basic logging	{"method": "GET", "query": "", "status": 404, "ip": "::1", "elapsed": 0.000001051}
2025-11-10T16:22:16.874+0800	debug	/t2 basic logging	{"method": "GET", "query": "", "status": 200, "ip": "::1", "elapsed": 0.001228637}
2025-11-10T16:22:16.889+0800	debug	/.well-known/appspecific/com.chrome.devtools.json basic logging	{"method": "GET", "query": "", "status": 404, "ip": "::1", "elapsed": 0.000001019}
2025-11-10T16:36:44.440+0800	debug	/t2 basic logging	{"method": "GET", "query": "", "status": 200, "ip": "::1", "elapsed": 0.001291936}
2025-11-10T16:36:44.481+0800	debug	/.well-known/appspecific/com.chrome.devtools.json basic logging	{"method": "GET", "query": "", "status": 404, "ip": "::1", "elapsed": 0.000001247}
2025-11-10T16:38:02.934+0800	debug	/t2 basic logging	{"method": "GET", "query": "", "status": 200, "ip": "::1", "elapsed": 0.00083788}
2025-11-10T16:38:02.952+0800	debug	/.well-known/appspecific/com.chrome.devtools.json basic logging	{"method": "GET", "query": "", "status": 404, "ip": "::1", "elapsed": 0.000004537}
2025-11-10T16:38:25.691+0800	debug	/t2 basic logging	{"method": "GET", "query": "", "status": 200, "ip": "::1", "elapsed": 0.001628537}
2025-11-10T16:38:25.717+0800	debug	/.well-known/appspecific/com.chrome.devtools.json basic logging	{"method": "GET", "query": "", "status": 404, "ip": "::1", "elapsed": 0.000001273}
2025-11-10T16:38:38.663+0800	debug	/t2 basic logging	{"method": "GET", "query": "", "status": 200, "ip": "::1", "elapsed": 0.00156495}
2025-11-10T16:38:38.687+0800	debug	/.well-known/appspecific/com.chrome.devtools.json basic logging	{"method": "GET", "query": "", "status": 404, "ip": "::1", "elapsed": 0.000001091}
2025-11-10T16:49:33.509+0800	debug	/t2 basic logging	{"method": "GET", "query": "", "status": 200, "ip": "::1", "elapsed": 0.001021766}
2025-11-10T16:49:33.536+0800	debug	/.well-known/appspecific/com.chrome.devtools.json basic logging	{"method": "GET", "query": "", "status": 404, "ip": "::1", "elapsed": 0.000001238}
2025-11-10T16:50:04.853+0800	debug	/t2 basic logging	{"method": "GET", "query": "", "status": 200, "ip": "::1", "elapsed": 0.002901078}
2025-11-10T16:50:04.870+0800	debug	/.well-known/appspecific/com.chrome.devtools.json basic logging	{"method": "GET", "query": "", "status": 404, "ip": "::1", "elapsed": 0.000001033}
2025-11-10T16:50:05.766+0800	debug	/t2 basic logging	{"method": "GET", "query": "", "status": 200, "ip": "::1", "elapsed": 0.00062833}
2025-11-10T16:50:05.782+0800	debug	/.well-known/appspecific/com.chrome.devtools.json basic logging	{"method": "GET", "query": "", "status": 404, "ip": "::1", "elapsed": 0.000000763}
2025-11-10T16:50:05.915+0800	debug	/t2 basic logging	{"method": "GET", "query": "", "status": 200, "ip": "::1", "elapsed": 0.000758041}
2025-11-10T16:50:05.937+0800	debug	/.well-known/appspecific/com.chrome.devtools.json basic logging	{"method": "GET", "query": "", "status": 404, "ip": "::1", "elapsed": 0.000001479}
2025-11-10T16:50:06.104+0800	debug	/t2 basic logging	{"method": "GET", "query": "", "status": 200, "ip": "::1", "elapsed": 0.00088418}
2025-11-10T16:50:06.121+0800	debug	/.well-known/appspecific/com.chrome.devtools.json basic logging	{"method": "GET", "query": "", "status": 404, "ip": "::1", "elapsed": 0.000000933}
2025-11-10T16:50:06.245+0800	debug	/t2 basic logging	{"method": "GET", "query": "", "status": 200, "ip": "::1", "elapsed": 0.000720948}
2025-11-10T16:50:06.262+0800	debug	/.well-known/appspecific/com.chrome.devtools.json basic logging	{"method": "GET", "query": "", "status": 404, "ip": "::1", "elapsed": 0.000001348}
2025-11-10T16:52:01.625+0800	debug	/t2 basic logging	{"method": "GET", "query": "", "status": 200, "ip": "::1", "elapsed": 0.001876728}
2025-11-10T16:52:01.644+0800	debug	/.well-known/appspecific/com.chrome.devtools.json basic logging	{"method": "GET", "query": "", "status": 404, "ip": "::1", "elapsed": 0.000001213}
2025-11-10T16:52:02.474+0800	debug	/t2 basic logging	{"method": "GET", "query": "", "status": 200, "ip": "::1", "elapsed": 0.001076562}
2025-11-10T16:52:02.491+0800	debug	/.well-known/appspecific/com.chrome.devtools.json basic logging	{"method": "GET", "query": "", "status": 404, "ip": "::1", "elapsed": 0.000001047}
2025-11-10T16:52:02.652+0800	debug	/t2 basic logging	{"method": "GET", "query": "", "status": 200, "ip": "::1", "elapsed": 0.000739087}
2025-11-10T16:52:02.667+0800	debug	/.well-known/appspecific/com.chrome.devtools.json basic logging	{"method": "GET", "query": "", "status": 404, "ip": "::1", "elapsed": 0.000001088}
2025-11-10T16:52:02.820+0800	debug	/t2 basic logging	{"method": "GET", "query": "", "status": 200, "ip": "::1", "elapsed": 0.000821626}
2025-11-10T16:52:02.835+0800	debug	/.well-known/appspecific/com.chrome.devtools.json basic logging	{"method": "GET", "query": "", "status": 404, "ip": "::1", "elapsed": 0.000001106}
2025-11-10T16:52:03.017+0800	debug	/t2 basic logging	{"method": "GET", "query": "", "status": 200, "ip": "::1", "elapsed": 0.00193491}
2025-11-10T16:52:03.045+0800	debug	/.well-known/appspecific/com.chrome.devtools.json basic logging	{"method": "GET", "query": "", "status": 404, "ip": "::1", "elapsed": 0.000001176}
2025-11-10T16:53:02.553+0800	debug	/t2 basic logging	{"method": "GET", "query": "", "status": 200, "ip": "::1", "elapsed": 0.001750968}
2025-11-10T16:53:02.577+0800	debug	/.well-known/appspecific/com.chrome.devtools.json basic logging	{"method": "GET", "query": "", "status": 404, "ip": "::1", "elapsed": 0.000001072}
2025-11-10T16:53:03.402+0800	debug	/t2 basic logging	{"method": "GET", "query": "", "status": 200, "ip": "::1", "elapsed": 0.000902573}
2025-11-10T16:53:03.417+0800	debug	/.well-known/appspecific/com.chrome.devtools.json basic logging	{"method": "GET", "query": "", "status": 404, "ip": "::1", "elapsed": 0.000000971}
2025-11-10T16:53:03.581+0800	debug	/t2 basic logging	{"method": "GET", "query": "", "status": 200, "ip": "::1", "elapsed": 0.000666784}
2025-11-10T16:53:03.606+0800	debug	/.well-known/appspecific/com.chrome.devtools.json basic logging	{"method": "GET", "query": "", "status": 404, "ip": "::1", "elapsed": 0.000001153}
2025-11-10T16:53:03.733+0800	debug	/t2 basic logging	{"method": "GET", "query": "", "status": 200, "ip": "::1", "elapsed": 0.000738837}
2025-11-10T16:53:03.750+0800	debug	/.well-known/appspecific/com.chrome.devtools.json basic logging	{"method": "GET", "query": "", "status": 404, "ip": "::1", "elapsed": 0.000001385}
2025-11-10T16:53:03.895+0800	debug	/t2 basic logging	{"method": "GET", "query": "", "status": 200, "ip": "::1", "elapsed": 0.000726576}
2025-11-10T16:53:03.911+0800	debug	/.well-known/appspecific/com.chrome.devtools.json basic logging	{"method": "GET", "query": "", "status": 404, "ip": "::1", "elapsed": 0.000001392}
2025-11-10T16:53:04.062+0800	debug	/t2 basic logging	{"method": "GET", "query": "", "status": 200, "ip": "::1", "elapsed": 0.000807205}
2025-11-10T16:53:04.090+0800	debug	/.well-known/appspecific/com.chrome.devtools.json basic logging	{"method": "GET", "query": "", "status": 404, "ip": "::1", "elapsed": 0.000001227}
2025-11-10T16:53:04.215+0800	debug	/t2 basic logging	{"method": "GET", "query": "", "status": 200, "ip": "::1", "elapsed": 0.001885331}
2025-11-10T16:53:04.230+0800	debug	/.well-known/appspecific/com.chrome.devtools.json basic logging	{"method": "GET", "query": "", "status": 404, "ip": "::1", "elapsed": 0.000000977}
2025-11-10T16:53:04.348+0800	debug	/t2 basic logging	{"method": "GET", "query": "", "status": 200, "ip": "::1", "elapsed": 0.001764989}
2025-11-10T16:53:04.364+0800	debug	/.well-known/appspecific/com.chrome.devtools.json basic logging	{"method": "GET", "query": "", "status": 404, "ip": "::1", "elapsed": 0.000018956}
2025-11-10T16:53:35.990+0800	debug	/t2 basic logging	{"method": "GET", "query": "", "status": 200, "ip": "::1", "elapsed": 0.000921402}
2025-11-10T16:53:36.013+0800	debug	/.well-known/appspecific/com.chrome.devtools.json basic logging	{"method": "GET", "query": "", "status": 404, "ip": "::1", "elapsed": 0.000001454}
2025-11-10T16:54:54.464+0800	debug	/t2 basic logging	{"method": "GET", "query": "", "status": 200, "ip": "::1", "elapsed": 0.001277739}
2025-11-10T16:54:54.485+0800	debug	/.well-known/appspecific/com.chrome.devtools.json basic logging	{"method": "GET", "query": "", "status": 404, "ip": "::1", "elapsed": 0.000000924}
2025-11-10T16:56:14.246+0800	debug	/t2 basic logging	{"method": "GET", "query": "", "status": 200, "ip": "::1", "elapsed": 0.00250341}
2025-11-10T16:56:14.270+0800	debug	/.well-known/appspecific/com.chrome.devtools.json basic logging	{"method": "GET", "query": "", "status": 404, "ip": "::1", "elapsed": 0.000001277}
2025-11-10T16:57:06.265+0800	debug	/t2 basic logging	{"method": "GET", "query": "", "status": 200, "ip": "::1", "elapsed": 0.000883466}
2025-11-10T16:57:06.296+0800	debug	/.well-known/appspecific/com.chrome.devtools.json basic logging	{"method": "GET", "query": "", "status": 404, "ip": "::1", "elapsed": 0.000001147}
2025-11-10T16:58:04.015+0800	debug	/t2 basic logging	{"method": "GET", "query": "", "status": 200, "ip": "::1", "elapsed": 0.00135071}
2025-11-10T16:58:04.042+0800	debug	/.well-known/appspecific/com.chrome.devtools.json basic logging	{"method": "GET", "query": "", "status": 404, "ip": "::1", "elapsed": 0.000000911}
2025-11-10T17:06:30.971+0800	debug	/t2 basic logging	{"method": "GET", "query": "", "status": 200, "ip": "::1", "elapsed": 0.001231089}
2025-11-10T17:06:31.004+0800	debug	/.well-known/appspecific/com.chrome.devtools.json basic logging	{"method": "GET", "query": "", "status": 404, "ip": "::1", "elapsed": 0.000001225}
2025-11-10T17:06:31.812+0800	debug	/t2 basic logging	{"method": "GET", "query": "", "status": 200, "ip": "::1", "elapsed": 0.000866406}
2025-11-10T17:06:31.833+0800	debug	/.well-known/appspecific/com.chrome.devtools.json basic logging	{"method": "GET", "query": "", "status": 404, "ip": "::1", "elapsed": 0.000001239}
2025-11-10T17:06:31.975+0800	debug	/t2 basic logging	{"method": "GET", "query": "", "status": 200, "ip": "::1", "elapsed": 0.000855238}
2025-11-10T17:06:31.992+0800	debug	/.well-known/appspecific/com.chrome.devtools.json basic logging	{"method": "GET", "query": "", "status": 404, "ip": "::1", "elapsed": 0.000001171}
2025-11-10T17:06:32.141+0800	debug	/t2 basic logging	{"method": "GET", "query": "", "status": 200, "ip": "::1", "elapsed": 0.00101552}
2025-11-10T17:06:32.163+0800	debug	/.well-known/appspecific/com.chrome.devtools.json basic logging	{"method": "GET", "query": "", "status": 404, "ip": "::1", "elapsed": 0.000000803}
2025-11-10T17:06:32.302+0800	debug	/t2 basic logging	{"method": "GET", "query": "", "status": 200, "ip": "::1", "elapsed": 0.000457216}
2025-11-10T17:06:32.316+0800	debug	/.well-known/appspecific/com.chrome.devtools.json basic logging	{"method": "GET", "query": "", "status": 404, "ip": "::1", "elapsed": 0.000001081}
2025-11-10T17:06:32.454+0800	debug	/t2 basic logging	{"method": "GET", "query": "", "status": 200, "ip": "::1", "elapsed": 0.000748441}
2025-11-10T17:06:32.473+0800	debug	/.well-known/appspecific/com.chrome.devtools.json basic logging	{"method": "GET", "query": "", "status": 404, "ip": "::1", "elapsed": 0.000000879}
2025-11-10T17:07:11.481+0800	debug	/t2 basic logging	{"method": "GET", "query": "", "status": 200, "ip": "::1", "elapsed": 0.001378437}
2025-11-10T17:07:11.500+0800	debug	/.well-known/appspecific/com.chrome.devtools.json basic logging	{"method": "GET", "query": "", "status": 404, "ip": "::1", "elapsed": 0.000001279}
2025-11-10T17:07:12.723+0800	debug	/t2 basic logging	{"method": "GET", "query": "", "status": 200, "ip": "::1", "elapsed": 0.001381652}
2025-11-10T17:07:12.738+0800	debug	/.well-known/appspecific/com.chrome.devtools.json basic logging	{"method": "GET", "query": "", "status": 404, "ip": "::1", "elapsed": 0.000001145}
2025-11-10T17:07:12.865+0800	debug	/t2 basic logging	{"method": "GET", "query": "", "status": 200, "ip": "::1", "elapsed": 0.001037452}
2025-11-10T17:07:12.892+0800	debug	/.well-known/appspecific/com.chrome.devtools.json basic logging	{"method": "GET", "query": "", "status": 404, "ip": "::1", "elapsed": 0.000001106}
2025-11-10T17:07:13.036+0800	debug	/t2 basic logging	{"method": "GET", "query": "", "status": 200, "ip": "::1", "elapsed": 0.00134724}
2025-11-10T17:07:13.063+0800	debug	/.well-known/appspecific/com.chrome.devtools.json basic logging	{"method": "GET", "query": "", "status": 404, "ip": "::1", "elapsed": 0.00000124}
2025-11-10T17:07:53.683+0800	debug	/t2 basic logging	{"method": "GET", "query": "", "status": 200, "ip": "::1", "elapsed": 0.001342158}
2025-11-10T17:07:53.707+0800	debug	/.well-known/appspecific/com.chrome.devtools.json basic logging	{"method": "GET", "query": "", "status": 404, "ip": "::1", "elapsed": 0.000001373}
2025-11-10T17:07:54.450+0800	debug	/t2 basic logging	{"method": "GET", "query": "", "status": 200, "ip": "::1", "elapsed": 0.001630354}
2025-11-10T17:07:54.466+0800	debug	/.well-known/appspecific/com.chrome.devtools.json basic logging	{"method": "GET", "query": "", "status": 404, "ip": "::1", "elapsed": 0.000000898}
2025-11-10T17:07:54.608+0800	debug	/t2 basic logging	{"method": "GET", "query": "", "status": 200, "ip": "::1", "elapsed": 0.000855554}
2025-11-10T17:07:54.634+0800	debug	/.well-known/appspecific/com.chrome.devtools.json basic logging	{"method": "GET", "query": "", "status": 404, "ip": "::1", "elapsed": 0.000001255}
2025-11-10T17:07:54.769+0800	debug	/t2 basic logging	{"method": "GET", "query": "", "status": 200, "ip": "::1", "elapsed": 0.000588608}
2025-11-10T17:07:54.786+0800	debug	/.well-known/appspecific/com.chrome.devtools.json basic logging	{"method": "GET", "query": "", "status": 404, "ip": "::1", "elapsed": 0.000001188}
2025-11-10T17:07:54.919+0800	debug	/t2 basic logging	{"method": "GET", "query": "", "status": 200, "ip": "::1", "elapsed": 0.000556549}
2025-11-10T17:07:54.932+0800	debug	/.well-known/appspecific/com.chrome.devtools.json basic logging	{"method": "GET", "query": "", "status": 404, "ip": "::1", "elapsed": 0.000000798}
2025-11-10T17:08:31.165+0800	debug	/t2 basic logging	{"method": "GET", "query": "", "status": 200, "ip": "::1", "elapsed": 0.001894269}
2025-11-10T17:08:31.188+0800	debug	/.well-known/appspecific/com.chrome.devtools.json basic logging	{"method": "GET", "query": "", "status": 404, "ip": "::1", "elapsed": 0.000001052}
2025-11-10T17:08:31.868+0800	debug	/t2 basic logging	{"method": "GET", "query": "", "status": 200, "ip": "::1", "elapsed": 0.000867242}
2025-11-10T17:08:31.892+0800	debug	/.well-known/appspecific/com.chrome.devtools.json basic logging	{"method": "GET", "query": "", "status": 404, "ip": "::1", "elapsed": 0.000000906}
2025-11-10T17:08:32.017+0800	debug	/t2 basic logging	{"method": "GET", "query": "", "status": 200, "ip": "::1", "elapsed": 0.000736359}
2025-11-10T17:08:32.039+0800	debug	/.well-known/appspecific/com.chrome.devtools.json basic logging	{"method": "GET", "query": "", "status": 404, "ip": "::1", "elapsed": 0.000000949}
2025-11-10T17:08:32.163+0800	debug	/t2 basic logging	{"method": "GET", "query": "", "status": 200, "ip": "::1", "elapsed": 0.000780114}
2025-11-10T17:08:32.180+0800	debug	/.well-known/appspecific/com.chrome.devtools.json basic logging	{"method": "GET", "query": "", "status": 404, "ip": "::1", "elapsed": 0.000001455}
2025-11-10T17:08:32.328+0800	debug	/t2 basic logging	{"method": "GET", "query": "", "status": 200, "ip": "::1", "elapsed": 0.000921302}
2025-11-10T17:08:32.352+0800	debug	/.well-known/appspecific/com.chrome.devtools.json basic logging	{"method": "GET", "query": "", "status": 404, "ip": "::1", "elapsed": 0.00000097}
2025-11-10T17:08:32.495+0800	debug	/t2 basic logging	{"method": "GET", "query": "", "status": 200, "ip": "::1", "elapsed": 0.002488131}
2025-11-10T17:08:32.513+0800	debug	/.well-known/appspecific/com.chrome.devtools.json basic logging	{"method": "GET", "query": "", "status": 404, "ip": "::1", "elapsed": 0.000001492}
2025-11-10T17:10:09.711+0800	debug	/t2 basic logging	{"method": "GET", "query": "", "status": 200, "ip": "::1", "elapsed": 0.002418391}
2025-11-10T17:10:09.736+0800	debug	/.well-known/appspecific/com.chrome.devtools.json basic logging	{"method": "GET", "query": "", "status": 404, "ip": "::1", "elapsed": 0.00000101}
2025-11-10T17:10:10.680+0800	debug	/t2 basic logging	{"method": "GET", "query": "", "status": 200, "ip": "::1", "elapsed": 0.000936513}
2025-11-10T17:10:10.699+0800	debug	/.well-known/appspecific/com.chrome.devtools.json basic logging	{"method": "GET", "query": "", "status": 404, "ip": "::1", "elapsed": 0.000004619}
2025-11-10T17:10:10.894+0800	debug	/t2 basic logging	{"method": "GET", "query": "", "status": 200, "ip": "::1", "elapsed": 0.000614451}
2025-11-10T17:10:10.912+0800	debug	/.well-known/appspecific/com.chrome.devtools.json basic logging	{"method": "GET", "query": "", "status": 404, "ip": "::1", "elapsed": 0.000001804}
2025-11-10T17:10:11.066+0800	debug	/t2 basic logging	{"method": "GET", "query": "", "status": 200, "ip": "::1", "elapsed": 0.00069374}
2025-11-10T17:10:11.087+0800	debug	/.well-known/appspecific/com.chrome.devtools.json basic logging	{"method": "GET", "query": "", "status": 404, "ip": "::1", "elapsed": 0.000000964}
2025-11-10T17:10:11.223+0800	debug	/t2 basic logging	{"method": "GET", "query": "", "status": 200, "ip": "::1", "elapsed": 0.000660061}
2025-11-10T17:10:11.238+0800	debug	/.well-known/appspecific/com.chrome.devtools.json basic logging	{"method": "GET", "query": "", "status": 404, "ip": "::1", "elapsed": 0.000001299}
2025-11-10T17:10:11.384+0800	debug	/t2 basic logging	{"method": "GET", "query": "", "status": 200, "ip": "::1", "elapsed": 0.000900811}
2025-11-10T17:10:11.405+0800	debug	/.well-known/appspecific/com.chrome.devtools.json basic logging	{"method": "GET", "query": "", "status": 404, "ip": "::1", "elapsed": 0.00000086}
2025-11-10T17:10:11.559+0800	debug	/t2 basic logging	{"method": "GET", "query": "", "status": 200, "ip": "::1", "elapsed": 0.000651758}
2025-11-10T17:10:11.572+0800	debug	/.well-known/appspecific/com.chrome.devtools.json basic logging	{"method": "GET", "query": "", "status": 404, "ip": "::1", "elapsed": 0.000001105}
2025-11-10T17:10:11.714+0800	debug	/t2 basic logging	{"method": "GET", "query": "", "status": 200, "ip": "::1", "elapsed": 0.000789513}
2025-11-10T17:10:11.738+0800	debug	/.well-known/appspecific/com.chrome.devtools.json basic logging	{"method": "GET", "query": "", "status": 404, "ip": "::1", "elapsed": 0.00000098}
2025-11-10T17:10:13.712+0800	debug	/t2 basic logging	{"method": "GET", "query": "", "status": 200, "ip": "::1", "elapsed": 0.002025519}
2025-11-10T17:10:13.734+0800	debug	/.well-known/appspecific/com.chrome.devtools.json basic logging	{"method": "GET", "query": "", "status": 404, "ip": "::1", "elapsed": 0.000001013}
2025-11-10T17:10:15.480+0800	debug	/t2 basic logging	{"method": "GET", "query": "", "status": 200, "ip": "::1", "elapsed": 0.00131912}
2025-11-10T17:10:15.498+0800	debug	/.well-known/appspecific/com.chrome.devtools.json basic logging	{"method": "GET", "query": "", "status": 404, "ip": "::1", "elapsed": 0.000001504}
2025-11-10T17:10:16.080+0800	debug	/t2 basic logging	{"method": "GET", "query": "", "status": 200, "ip": "::1", "elapsed": 0.000886561}
2025-11-10T17:10:16.095+0800	debug	/.well-known/appspecific/com.chrome.devtools.json basic logging	{"method": "GET", "query": "", "status": 404, "ip": "::1", "elapsed": 0.0000012}
2025-11-10T17:10:16.256+0800	debug	/t2 basic logging	{"method": "GET", "query": "", "status": 200, "ip": "::1", "elapsed": 0.000752902}
2025-11-10T17:10:16.278+0800	debug	/.well-known/appspecific/com.chrome.devtools.json basic logging	{"method": "GET", "query": "", "status": 404, "ip": "::1", "elapsed": 0.000001045}
2025-11-10T17:10:16.423+0800	debug	/t2 basic logging	{"method": "GET", "query": "", "status": 200, "ip": "::1", "elapsed": 0.001231657}
2025-11-10T17:10:16.444+0800	debug	/.well-known/appspecific/com.chrome.devtools.json basic logging	{"method": "GET", "query": "", "status": 404, "ip": "::1", "elapsed": 0.000000851}
2025-11-10T17:10:17.616+0800	debug	/t2 basic logging	{"method": "GET", "query": "", "status": 200, "ip": "::1", "elapsed": 0.000895252}
2025-11-10T17:10:17.632+0800	debug	/.well-known/appspecific/com.chrome.devtools.json basic logging	{"method": "GET", "query": "", "status": 404, "ip": "::1", "elapsed": 0.000000867}
2025-11-10T17:11:16.273+0800	debug	/t2 basic logging	{"method": "GET", "query": "", "status": 200, "ip": "::1", "elapsed": 0.00154665}
2025-11-10T17:11:16.301+0800	debug	/.well-known/appspecific/com.chrome.devtools.json basic logging	{"method": "GET", "query": "", "status": 404, "ip": "::1", "elapsed": 0.000001318}
2025-11-10T17:15:04.979+0800	debug	/t2 basic logging	{"method": "GET", "query": "", "status": 200, "ip": "::1", "elapsed": 0.001894925}
2025-11-10T17:15:05.005+0800	debug	/.well-known/appspecific/com.chrome.devtools.json basic logging	{"method": "GET", "query": "", "status": 404, "ip": "::1", "elapsed": 0.000001048}
2025-11-10T17:15:05.667+0800	debug	/t2 basic logging	{"method": "GET", "query": "", "status": 200, "ip": "::1", "elapsed": 0.001109622}
2025-11-10T17:15:05.686+0800	debug	/.well-known/appspecific/com.chrome.devtools.json basic logging	{"method": "GET", "query": "", "status": 404, "ip": "::1", "elapsed": 0.000001057}
2025-11-10T17:15:05.806+0800	debug	/t2 basic logging	{"method": "GET", "query": "", "status": 200, "ip": "::1", "elapsed": 0.00059992}
2025-11-10T17:15:05.825+0800	debug	/.well-known/appspecific/com.chrome.devtools.json basic logging	{"method": "GET", "query": "", "status": 404, "ip": "::1", "elapsed": 0.000001172}
2025-11-10T17:15:05.965+0800	debug	/t2 basic logging	{"method": "GET", "query": "", "status": 200, "ip": "::1", "elapsed": 0.001074188}
2025-11-10T17:15:05.987+0800	debug	/.well-known/appspecific/com.chrome.devtools.json basic logging	{"method": "GET", "query": "", "status": 404, "ip": "::1", "elapsed": 0.000001202}
2025-11-10T17:18:49.933+0800	debug	/t2 basic logging	{"method": "GET", "query": "", "status": 200, "ip": "::1", "elapsed": 0.001370005}
2025-11-10T17:18:49.960+0800	debug	/.well-known/appspecific/com.chrome.devtools.json basic logging	{"method": "GET", "query": "", "status": 404, "ip": "::1", "elapsed": 0.000001023}
2025-11-10T17:19:44.329+0800	debug	/t2 basic logging	{"method": "GET", "query": "", "status": 200, "ip": "::1", "elapsed": 0.000961106}
2025-11-10T17:19:44.359+0800	debug	/.well-known/appspecific/com.chrome.devtools.json basic logging	{"method": "GET", "query": "", "status": 404, "ip": "::1", "elapsed": 0.00000112}
2025-11-10T17:21:13.936+0800	debug	/t2 basic logging	{"method": "GET", "query": "", "status": 200, "ip": "::1", "elapsed": 0.001778632}
2025-11-10T17:21:13.963+0800	debug	/.well-known/appspecific/com.chrome.devtools.json basic logging	{"method": "GET", "query": "", "status": 404, "ip": "::1", "elapsed": 0.000001426}
2025-11-10T17:21:53.926+0800	debug	/t2 basic logging	{"method": "GET", "query": "", "status": 200, "ip": "::1", "elapsed": 0.002144973}
2025-11-10T17:21:53.947+0800	debug	/.well-known/appspecific/com.chrome.devtools.json basic logging	{"method": "GET", "query": "", "status": 404, "ip": "::1", "elapsed": 0.000001091}
2025-11-10T17:23:29.127+0800	debug	/t2 basic logging	{"method": "GET", "query": "", "status": 200, "ip": "::1", "elapsed": 0.002041245}
2025-11-10T17:23:29.159+0800	debug	/.well-known/appspecific/com.chrome.devtools.json basic logging	{"method": "GET", "query": "", "status": 404, "ip": "::1", "elapsed": 0.000001237}
2025-11-10T17:23:56.537+0800	debug	/t2 basic logging	{"method": "GET", "query": "", "status": 200, "ip": "::1", "elapsed": 0.001121606}
2025-11-10T17:23:56.554+0800	debug	/.well-known/appspecific/com.chrome.devtools.json basic logging	{"method": "GET", "query": "", "status": 404, "ip": "::1", "elapsed": 0.000000937}
2025-11-10T17:23:57.292+0800	debug	/t2 basic logging	{"method": "GET", "query": "", "status": 200, "ip": "::1", "elapsed": 0.000880083}
2025-11-10T17:23:57.316+0800	debug	/.well-known/appspecific/com.chrome.devtools.json basic logging	{"method": "GET", "query": "", "status": 404, "ip": "::1", "elapsed": 0.00000129}
2025-11-10T17:23:57.452+0800	debug	/t2 basic logging	{"method": "GET", "query": "", "status": 200, "ip": "::1", "elapsed": 0.001390299}
2025-11-10T17:23:57.481+0800	debug	/.well-known/appspecific/com.chrome.devtools.json basic logging	{"method": "GET", "query": "", "status": 404, "ip": "::1", "elapsed": 0.000001073}
2025-11-10T17:23:57.582+0800	debug	/t2 basic logging	{"method": "GET", "query": "", "status": 200, "ip": "::1", "elapsed": 0.000595434}
2025-11-10T17:23:57.603+0800	debug	/.well-known/appspecific/com.chrome.devtools.json basic logging	{"method": "GET", "query": "", "status": 404, "ip": "::1", "elapsed": 0.000001579}
2025-11-10T17:24:51.153+0800	debug	/t2 basic logging	{"method": "GET", "query": "", "status": 200, "ip": "::1", "elapsed": 0.001035879}
2025-11-10T17:24:51.169+0800	debug	/.well-known/appspecific/com.chrome.devtools.json basic logging	{"method": "GET", "query": "", "status": 404, "ip": "::1", "elapsed": 0.000001382}
2025-11-10T17:29:38.664+0800	debug	/t2 basic logging	{"method": "GET", "query": "", "status": 200, "ip": "::1", "elapsed": 0.001379131}
2025-11-10T17:29:38.685+0800	debug	/.well-known/appspecific/com.chrome.devtools.json basic logging	{"method": "GET", "query": "", "status": 404, "ip": "::1", "elapsed": 0.000000795}
2025-11-10T17:29:39.583+0800	debug	/t2 basic logging	{"method": "GET", "query": "", "status": 200, "ip": "::1", "elapsed": 0.001270448}
2025-11-10T17:29:39.603+0800	debug	/.well-known/appspecific/com.chrome.devtools.json basic logging	{"method": "GET", "query": "", "status": 404, "ip": "::1", "elapsed": 0.000001664}
2025-11-10T17:30:17.701+0800	debug	/t2 basic logging	{"method": "GET", "query": "", "status": 200, "ip": "::1", "elapsed": 0.001941764}
2025-11-10T17:30:17.724+0800	debug	/.well-known/appspecific/com.chrome.devtools.json basic logging	{"method": "GET", "query": "", "status": 404, "ip": "::1", "elapsed": 0.000001125}
2025-11-10T17:30:51.699+0800	debug	/t2 basic logging	{"method": "GET", "query": "", "status": 200, "ip": "::1", "elapsed": 0.000904091}
2025-11-10T17:30:51.730+0800	debug	/.well-known/appspecific/com.chrome.devtools.json basic logging	{"method": "GET", "query": "", "status": 404, "ip": "::1", "elapsed": 0.000001258}
2025-11-10T17:30:52.665+0800	debug	/t2 basic logging	{"method": "GET", "query": "", "status": 200, "ip": "::1", "elapsed": 0.002620054}
2025-11-10T17:30:52.688+0800	debug	/.well-known/appspecific/com.chrome.devtools.json basic logging	{"method": "GET", "query": "", "status": 404, "ip": "::1", "elapsed": 0.000001333}
2025-11-10T17:34:06.840+0800	debug	/t2 basic logging	{"method": "GET", "query": "", "status": 200, "ip": "::1", "elapsed": 0.00105959}
2025-11-10T17:34:06.867+0800	debug	/.well-known/appspecific/com.chrome.devtools.json basic logging	{"method": "GET", "query": "", "status": 404, "ip": "::1", "elapsed": 0.000001689}
2025-11-10T17:36:45.475+0800	debug	/t2 basic logging	{"method": "GET", "query": "", "status": 200, "ip": "::1", "elapsed": 0.004317958}
2025-11-10T17:36:45.499+0800	debug	/.well-known/appspecific/com.chrome.devtools.json basic logging	{"method": "GET", "query": "", "status": 404, "ip": "::1", "elapsed": 0.000001313}
2025-11-10T17:37:03.496+0800	debug	/t2 basic logging	{"method": "GET", "query": "", "status": 200, "ip": "::1", "elapsed": 0.001689792}
2025-11-10T17:37:03.514+0800	debug	/.well-known/appspecific/com.chrome.devtools.json basic logging	{"method": "GET", "query": "", "status": 404, "ip": "::1", "elapsed": 0.000001456}
2025-11-10T17:37:32.217+0800	debug	/t2 basic logging	{"method": "GET", "query": "", "status": 200, "ip": "::1", "elapsed": 0.001144878}
2025-11-10T17:37:32.250+0800	debug	/.well-known/appspecific/com.chrome.devtools.json basic logging	{"method": "GET", "query": "", "status": 404, "ip": "::1", "elapsed": 0.000001375}
2025-11-10T17:37:49.943+0800	debug	/t2 basic logging	{"method": "GET", "query": "", "status": 200, "ip": "::1", "elapsed": 0.001836969}
2025-11-10T17:37:49.967+0800	debug	/.well-known/appspecific/com.chrome.devtools.json basic logging	{"method": "GET", "query": "", "status": 404, "ip": "::1", "elapsed": 0.000001259}
2025-11-10T17:38:14.181+0800	debug	/t2 basic logging	{"method": "GET", "query": "", "status": 200, "ip": "::1", "elapsed": 0.001967162}
2025-11-10T17:38:14.200+0800	debug	/.well-known/appspecific/com.chrome.devtools.json basic logging	{"method": "GET", "query": "", "status": 404, "ip": "::1", "elapsed": 0.000001186}
2025-11-10T17:39:24.319+0800	debug	/t2 basic logging	{"method": "GET", "query": "", "status": 200, "ip": "::1", "elapsed": 0.000944526}
2025-11-10T17:39:24.344+0800	debug	/.well-known/appspecific/com.chrome.devtools.json basic logging	{"method": "GET", "query": "", "status": 404, "ip": "::1", "elapsed": 0.000018209}
2025-11-10T17:40:49.461+0800	debug	/t2 basic logging	{"method": "GET", "query": "", "status": 200, "ip": "::1", "elapsed": 0.00367547}
2025-11-10T17:40:49.487+0800	debug	/.well-known/appspecific/com.chrome.devtools.json basic logging	{"method": "GET", "query": "", "status": 404, "ip": "::1", "elapsed": 0.000001245}
2025-11-10T17:40:50.462+0800	debug	/t2 basic logging	{"method": "GET", "query": "", "status": 200, "ip": "::1", "elapsed": 0.000869516}
2025-11-10T17:40:50.483+0800	debug	/.well-known/appspecific/com.chrome.devtools.json basic logging	{"method": "GET", "query": "", "status": 404, "ip": "::1", "elapsed": 0.00000091}
2025-11-10T17:41:11.326+0800	debug	/t2 basic logging	{"method": "GET", "query": "", "status": 200, "ip": "::1", "elapsed": 0.001789575}
2025-11-10T17:41:11.343+0800	debug	/.well-known/appspecific/com.chrome.devtools.json basic logging	{"method": "GET", "query": "", "status": 404, "ip": "::1", "elapsed": 0.000003755}
2025-11-10T17:51:21.251+0800	debug	/t2 basic logging	{"method": "GET", "query": "", "status": 200, "ip": "::1", "elapsed": 0.002520366}
2025-11-10T17:51:21.280+0800	debug	/.well-known/appspecific/com.chrome.devtools.json basic logging	{"method": "GET", "query": "", "status": 404, "ip": "::1", "elapsed": 0.000001132}
2025-11-10T17:55:44.814+0800	debug	/t2 basic logging	{"method": "GET", "query": "", "status": 200, "ip": "::1", "elapsed": 0.002163105}
2025-11-10T17:55:44.845+0800	debug	/.well-known/appspecific/com.chrome.devtools.json basic logging	{"method": "GET", "query": "", "status": 404, "ip": "::1", "elapsed": 0.000001032}
2025-11-10T17:55:45.691+0800	debug	/t2 basic logging	{"method": "GET", "query": "", "status": 200, "ip": "::1", "elapsed": 0.000868042}
2025-11-10T17:55:45.716+0800	debug	/.well-known/appspecific/com.chrome.devtools.json basic logging	{"method": "GET", "query": "", "status": 404, "ip": "::1", "elapsed": 0.000000972}
2025-11-10T17:58:15.223+0800	debug	/t2 basic logging	{"method": "GET", "query": "", "status": 200, "ip": "::1", "elapsed": 0.00108923}
2025-11-10T17:58:15.248+0800	debug	/.well-known/appspecific/com.chrome.devtools.json basic logging	{"method": "GET", "query": "", "status": 404, "ip": "::1", "elapsed": 0.000000991}
2025-11-10T17:58:17.827+0800	debug	/t2 basic logging	{"method": "GET", "query": "", "status": 200, "ip": "::1", "elapsed": 0.000833825}
2025-11-10T17:58:17.855+0800	debug	/.well-known/appspecific/com.chrome.devtools.json basic logging	{"method": "GET", "query": "", "status": 404, "ip": "::1", "elapsed": 0.000001016}
2025-11-10T17:58:17.991+0800	debug	/t2 basic logging	{"method": "GET", "query": "", "status": 200, "ip": "::1", "elapsed": 0.000877272}
2025-11-10T17:58:18.009+0800	debug	/.well-known/appspecific/com.chrome.devtools.json basic logging	{"method": "GET", "query": "", "status": 404, "ip": "::1", "elapsed": 0.000000966}
2025-11-10T17:58:18.145+0800	debug	/t2 basic logging	{"method": "GET", "query": "", "status": 200, "ip": "::1", "elapsed": 0.001476228}
2025-11-10T17:58:18.168+0800	debug	/.well-known/appspecific/com.chrome.devtools.json basic logging	{"method": "GET", "query": "", "status": 404, "ip": "::1", "elapsed": 0.000002093}
2025-11-10T17:58:32.205+0800	debug	/t2 basic logging	{"method": "GET", "query": "", "status": 200, "ip": "::1", "elapsed": 0.00318627}
2025-11-10T17:58:32.224+0800	debug	/.well-known/appspecific/com.chrome.devtools.json basic logging	{"method": "GET", "query": "", "status": 404, "ip": "::1", "elapsed": 0.000001276}
2025-11-10T17:59:09.176+0800	debug	/t2 basic logging	{"method": "GET", "query": "", "status": 200, "ip": "::1", "elapsed": 0.002243056}
2025-11-10T17:59:09.202+0800	debug	/.well-known/appspecific/com.chrome.devtools.json basic logging	{"method": "GET", "query": "", "status": 404, "ip": "::1", "elapsed": 0.00000137}
2025-11-10T17:59:44.382+0800	debug	/t2 basic logging	{"method": "GET", "query": "", "status": 200, "ip": "::1", "elapsed": 0.001918336}
2025-11-10T17:59:44.411+0800	debug	/.well-known/appspecific/com.chrome.devtools.json basic logging	{"method": "GET", "query": "", "status": 404, "ip": "::1", "elapsed": 0.000001872}
2025-11-10T18:00:05.213+0800	debug	/t2 basic logging	{"method": "GET", "query": "", "status": 200, "ip": "::1", "elapsed": 0.001546336}
2025-11-10T18:00:05.245+0800	debug	/.well-known/appspecific/com.chrome.devtools.json basic logging	{"method": "GET", "query": "", "status": 404, "ip": "::1", "elapsed": 0.00000121}
2025-11-10T18:00:28.523+0800	debug	/t2 basic logging	{"method": "GET", "query": "", "status": 200, "ip": "::1", "elapsed": 0.000980296}
2025-11-10T18:00:28.555+0800	debug	/.well-known/appspecific/com.chrome.devtools.json basic logging	{"method": "GET", "query": "", "status": 404, "ip": "::1", "elapsed": 0.000001028}
2025-11-10T18:01:56.288+0800	debug	/t2 basic logging	{"method": "GET", "query": "", "status": 200, "ip": "::1", "elapsed": 0.002475306}
2025-11-10T18:01:56.310+0800	debug	/.well-known/appspecific/com.chrome.devtools.json basic logging	{"method": "GET", "query": "", "status": 404, "ip": "::1", "elapsed": 0.000001246}
2025-11-10T18:02:23.479+0800	debug	/t2 basic logging	{"method": "GET", "query": "", "status": 200, "ip": "::1", "elapsed": 0.001889646}
2025-11-10T18:02:23.508+0800	debug	/.well-known/appspecific/com.chrome.devtools.json basic logging	{"method": "GET", "query": "", "status": 404, "ip": "::1", "elapsed": 0.000001167}
2025-11-10T18:07:11.132+0800	debug	/t2 basic logging	{"method": "GET", "query": "", "status": 200, "ip": "::1", "elapsed": 0.006084365}
2025-11-10T18:07:11.160+0800	debug	/.well-known/appspecific/com.chrome.devtools.json basic logging	{"method": "GET", "query": "", "status": 404, "ip": "::1", "elapsed": 0.00000099}
2025-11-10T18:32:59.184+0800	debug	/t2 basic logging	{"method": "GET", "query": "", "status": 200, "ip": "::1", "elapsed": 0.002355425}
2025-11-10T18:32:59.266+0800	debug	/.well-known/appspecific/com.chrome.devtools.json basic logging	{"method": "GET", "query": "", "status": 404, "ip": "::1", "elapsed": 0.000000988}
2025-11-10T18:36:01.107+0800	debug	/t2 basic logging	{"method": "GET", "query": "", "status": 200, "ip": "::1", "elapsed": 0.002158488}
2025-11-10T18:36:01.131+0800	debug	/.well-known/appspecific/com.chrome.devtools.json basic logging	{"method": "GET", "query": "", "status": 404, "ip": "::1", "elapsed": 0.000001499}
2025-11-10T18:36:29.803+0800	debug	/t2 basic logging	{"method": "GET", "query": "", "status": 200, "ip": "::1", "elapsed": 0.002419185}
2025-11-10T18:36:29.822+0800	debug	/.well-known/appspecific/com.chrome.devtools.json basic logging	{"method": "GET", "query": "", "status": 404, "ip": "::1", "elapsed": 0.000001523}
